<?xml version="1.0" encoding="UTF-8"?>
<testsuite name="com.assignment.mainTest" tests="3" skipped="0" failures="0" errors="0" timestamp="2021-03-29T09:39:01" hostname="ILNZYOUSSEFALT" time="0.015">
  <properties/>
  <testcase name="validateCoupon" classname="com.assignment.mainTest" time="0.013"/>
  <testcase name="validateTicket" classname="com.assignment.mainTest" time="0.001"/>
  <testcase name="validateBaggage" classname="com.assignment.mainTest" time="0.001"/>
  <system-out><![CDATA[the coupon 320 is valid
the new price is 82% of the original price
the coupon 340 is not valid
the ticket ID 130 is available, in this case the cache was helpful
the ticket ID 10 is not available
the check in did not succeed, there is no ticket with the provided destination null or/and baggage id BARCELONA
the check in did not succeed, there is no ticket with the provided destination 221 or/and baggage id HAIFA
the check in succeeded baggage CHICAGO will be sent to 225
]]></system-out>
  <system-err><![CDATA[]]></system-err>
</testsuite>
